<?xml version="1.0" encoding="UTF-8" ?>
<testsuite failures="0" time="0.198" errors="0" skipped="0" tests="2" name="UserTest">
  <properties>
    <property name="java.runtime.name" value="Java(TM) SE Runtime Environment"/>
    <property name="sun.boot.library.path" value="/System/Library/Java/JavaVirtualMachines/1.6.0.jdk/Contents/Libraries"/>
    <property name="java.vm.version" value="20.1-b02-384"/>
    <property name="awt.nativeDoubleBuffering" value="true"/>
    <property name="gopherProxySet" value="false"/>
    <property name="mrj.build" value="10M3425"/>
    <property name="java.vm.vendor" value="Apple Inc."/>
    <property name="java.vendor.url" value="http://www.apple.com/"/>
    <property name="path.separator" value=":"/>
    <property name="java.vm.name" value="Java HotSpot(TM) 64-Bit Server VM"/>
    <property name="file.encoding.pkg" value="sun.io"/>
    <property name="user.country" value="US"/>
    <property name="sun.java.launcher" value="SUN_STANDARD"/>
    <property name="sun.os.patch.level" value="unknown"/>
    <property name="java.vm.specification.name" value="Java Virtual Machine Specification"/>
    <property name="user.dir" value="/Users/vaibhavkulkarni/hobbyhorse_sjsu/eggsy"/>
    <property name="java.runtime.version" value="1.6.0_26-b03-384-10M3425"/>
    <property name="java.awt.graphicsenv" value="apple.awt.CGraphicsEnvironment"/>
    <property name="basedir" value="/Users/vaibhavkulkarni/hobbyhorse_sjsu/eggsy"/>
    <property name="java.endorsed.dirs" value="/System/Library/Java/JavaVirtualMachines/1.6.0.jdk/Contents/Home/lib/endorsed"/>
    <property name="os.arch" value="x86_64"/>
    <property name="surefire.real.class.path" value="/Users/vaibhavkulkarni/hobbyhorse_sjsu/eggsy/target/surefire/surefirebooter5093440048050189867.jar"/>
    <property name="java.io.tmpdir" value="/var/folders/Ui/Uit3J6DsFTmwSuAzf+qsHk+++TI/-Tmp-/"/>
    <property name="line.separator" value="
"/>
    <property name="java.vm.specification.vendor" value="Sun Microsystems Inc."/>
    <property name="os.name" value="Mac OS X"/>
    <property name="sun.jnu.encoding" value="MacRoman"/>
    <property name="java.library.path" value=".:/Users/vaibhavkulkarni/Library/Java/Extensions:/Library/Java/Extensions:/System/Library/Java/Extensions:/usr/lib/java"/>
    <property name="surefire.test.class.path" value="/Users/vaibhavkulkarni/hobbyhorse_sjsu/eggsy/target/test-classes:/Users/vaibhavkulkarni/hobbyhorse_sjsu/eggsy/target/classes:/Users/vaibhavkulkarni/.m2/repository/junit/junit/4.8.1/junit-4.8.1.jar:/Users/vaibhavkulkarni/.m2/repository/joda-time/joda-time/2.0/joda-time-2.0.jar:/Users/vaibhavkulkarni/.m2/repository/mysql/mysql-connector-java/5.1.4/mysql-connector-java-5.1.4.jar:/Users/vaibhavkulkarni/.m2/repository/org/codehaus/jackson/jackson-core-asl/1.7.5/jackson-core-asl-1.7.5.jar:/Users/vaibhavkulkarni/.m2/repository/org/codehaus/jackson/jackson-mapper-asl/1.7.5/jackson-mapper-asl-1.7.5.jar:/Users/vaibhavkulkarni/.m2/repository/org/codehaus/jackson/jackson-xc/1.7.5/jackson-xc-1.7.5.jar:/Users/vaibhavkulkarni/.m2/repository/org/springframework/spring-core/3.1.0.RELEASE/spring-core-3.1.0.RELEASE.jar:/Users/vaibhavkulkarni/.m2/repository/org/springframework/spring-asm/3.1.0.RELEASE/spring-asm-3.1.0.RELEASE.jar:/Users/vaibhavkulkarni/.m2/repository/commons-logging/commons-logging/1.1.1/commons-logging-1.1.1.jar:/Users/vaibhavkulkarni/.m2/repository/org/springframework/spring-expression/3.1.0.RELEASE/spring-expression-3.1.0.RELEASE.jar:/Users/vaibhavkulkarni/.m2/repository/org/springframework/spring-beans/3.1.0.RELEASE/spring-beans-3.1.0.RELEASE.jar:/Users/vaibhavkulkarni/.m2/repository/org/springframework/spring-aop/3.1.0.RELEASE/spring-aop-3.1.0.RELEASE.jar:/Users/vaibhavkulkarni/.m2/repository/aopalliance/aopalliance/1.0/aopalliance-1.0.jar:/Users/vaibhavkulkarni/.m2/repository/org/springframework/spring-context/3.1.0.RELEASE/spring-context-3.1.0.RELEASE.jar:/Users/vaibhavkulkarni/.m2/repository/org/springframework/spring-context-support/3.1.0.RELEASE/spring-context-support-3.1.0.RELEASE.jar:/Users/vaibhavkulkarni/.m2/repository/org/springframework/spring-web/3.1.0.RELEASE/spring-web-3.1.0.RELEASE.jar:/Users/vaibhavkulkarni/.m2/repository/org/springframework/spring-webmvc/3.1.0.RELEASE/spring-webmvc-3.1.0.RELEASE.jar:/Users/vaibhavkulkarni/.m2/repository/org/springframework/spring-oxm/3.1.0.RELEASE/spring-oxm-3.1.0.RELEASE.jar:/Users/vaibhavkulkarni/.m2/repository/commons-lang/commons-lang/2.5/commons-lang-2.5.jar:/Users/vaibhavkulkarni/.m2/repository/org/slf4j/slf4j-log4j12/1.5.8/slf4j-log4j12-1.5.8.jar:/Users/vaibhavkulkarni/.m2/repository/org/apache/tiles/tiles-api/2.1.2/tiles-api-2.1.2.jar:/Users/vaibhavkulkarni/.m2/repository/commons-logging/commons-logging-api/1.1/commons-logging-api-1.1.jar:/Users/vaibhavkulkarni/.m2/repository/org/apache/tiles/tiles-core/2.1.2/tiles-core-2.1.2.jar:/Users/vaibhavkulkarni/.m2/repository/commons-digester/commons-digester/1.8.1/commons-digester-1.8.1.jar:/Users/vaibhavkulkarni/.m2/repository/commons-beanutils/commons-beanutils/1.8.0/commons-beanutils-1.8.0.jar:/Users/vaibhavkulkarni/.m2/repository/org/apache/tiles/tiles-jsp/2.1.2/tiles-jsp-2.1.2.jar:/Users/vaibhavkulkarni/.m2/repository/org/apache/tiles/tiles-servlet/2.1.2/tiles-servlet-2.1.2.jar:/Users/vaibhavkulkarni/.m2/repository/javax/servlet/jstl/1.1.2/jstl-1.1.2.jar:/Users/vaibhavkulkarni/.m2/repository/taglibs/standard/1.1.2/standard-1.1.2.jar:/Users/vaibhavkulkarni/.m2/repository/org/apache/cassandra/cassandra-all/1.0.7/cassandra-all-1.0.7.jar:/Users/vaibhavkulkarni/.m2/repository/org/xerial/snappy/snappy-java/1.0.4.1/snappy-java-1.0.4.1.jar:/Users/vaibhavkulkarni/.m2/repository/com/ning/compress-lzf/0.8.4/compress-lzf-0.8.4.jar:/Users/vaibhavkulkarni/.m2/repository/com/google/guava/guava/r08/guava-r08.jar:/Users/vaibhavkulkarni/.m2/repository/commons-cli/commons-cli/1.1/commons-cli-1.1.jar:/Users/vaibhavkulkarni/.m2/repository/commons-codec/commons-codec/1.2/commons-codec-1.2.jar:/Users/vaibhavkulkarni/.m2/repository/com/googlecode/concurrentlinkedhashmap/concurrentlinkedhashmap-lru/1.2/concurrentlinkedhashmap-lru-1.2.jar:/Users/vaibhavkulkarni/.m2/repository/org/antlr/antlr/3.2/antlr-3.2.jar:/Users/vaibhavkulkarni/.m2/repository/org/antlr/antlr-runtime/3.2/antlr-runtime-3.2.jar:/Users/vaibhavkulkarni/.m2/repository/org/antlr/stringtemplate/3.2/stringtemplate-3.2.jar:/Users/vaibhavkulkarni/.m2/repository/antlr/antlr/2.7.7/antlr-2.7.7.jar:/Users/vaibhavkulkarni/.m2/repository/org/apache/cassandra/deps/avro/1.4.0-cassandra-1/avro-1.4.0-cassandra-1.jar:/Users/vaibhavkulkarni/.m2/repository/org/mortbay/jetty/jetty/6.1.22/jetty-6.1.22.jar:/Users/vaibhavkulkarni/.m2/repository/org/mortbay/jetty/jetty-util/6.1.22/jetty-util-6.1.22.jar:/Users/vaibhavkulkarni/.m2/repository/org/mortbay/jetty/servlet-api/2.5-20081211/servlet-api-2.5-20081211.jar:/Users/vaibhavkulkarni/.m2/repository/jline/jline/0.9.94/jline-0.9.94.jar:/Users/vaibhavkulkarni/.m2/repository/com/googlecode/json-simple/json-simple/1.1/json-simple-1.1.jar:/Users/vaibhavkulkarni/.m2/repository/com/github/stephenc/high-scale-lib/high-scale-lib/1.1.2/high-scale-lib-1.1.2.jar:/Users/vaibhavkulkarni/.m2/repository/org/yaml/snakeyaml/1.6/snakeyaml-1.6.jar:/Users/vaibhavkulkarni/.m2/repository/com/github/stephenc/jamm/0.2.5/jamm-0.2.5.jar:/Users/vaibhavkulkarni/.m2/repository/org/apache/cassandra/cassandra-thrift/1.0.7/cassandra-thrift-1.0.7.jar:/Users/vaibhavkulkarni/.m2/repository/org/apache/thrift/libthrift/0.6.1/libthrift-0.6.1.jar:/Users/vaibhavkulkarni/.m2/repository/javax/servlet/servlet-api/2.5/servlet-api-2.5.jar:/Users/vaibhavkulkarni/.m2/repository/org/apache/httpcomponents/httpclient/4.0.1/httpclient-4.0.1.jar:/Users/vaibhavkulkarni/.m2/repository/org/apache/httpcomponents/httpcore/4.0.1/httpcore-4.0.1.jar:/Users/vaibhavkulkarni/.m2/repository/log4j/log4j/1.2.14/log4j-1.2.14.jar:/Users/vaibhavkulkarni/.m2/repository/org/slf4j/slf4j-api/1.5.8/slf4j-api-1.5.8.jar:/Users/vaibhavkulkarni/.m2/repository/javax/ws/rs/jsr311-api/1.1.1/jsr311-api-1.1.1.jar:/Users/vaibhavkulkarni/.m2/repository/org/apache/cxf/cxf-bundle-jaxrs/2.3.4/cxf-bundle-jaxrs-2.3.4.jar:/Users/vaibhavkulkarni/.m2/repository/org/apache/ws/commons/schema/XmlSchema/1.4.7/XmlSchema-1.4.7.jar:/Users/vaibhavkulkarni/.m2/repository/org/codehaus/woodstox/woodstox-core-asl/4.1.1/woodstox-core-asl-4.1.1.jar:/Users/vaibhavkulkarni/.m2/repository/org/codehaus/woodstox/stax2-api/3.1.1/stax2-api-3.1.1.jar:/Users/vaibhavkulkarni/.m2/repository/org/apache/geronimo/specs/geronimo-stax-api_1.0_spec/1.0.1/geronimo-stax-api_1.0_spec-1.0.1.jar:/Users/vaibhavkulkarni/.m2/repository/org/apache/geronimo/specs/geronimo-annotation_1.0_spec/1.1.1/geronimo-annotation_1.0_spec-1.1.1.jar:/Users/vaibhavkulkarni/.m2/repository/javax/xml/bind/jaxb-api/2.2.1/jaxb-api-2.2.1.jar:/Users/vaibhavkulkarni/.m2/repository/org/apache/neethi/neethi/2.0.5/neethi-2.0.5.jar:/Users/vaibhavkulkarni/.m2/repository/wsdl4j/wsdl4j/1.6.2/wsdl4j-1.6.2.jar:/Users/vaibhavkulkarni/.m2/repository/org/apache/geronimo/specs/geronimo-activation_1.1_spec/1.1/geronimo-activation_1.1_spec-1.1.jar:/Users/vaibhavkulkarni/.m2/repository/com/sun/xml/bind/jaxb-impl/2.2.1.1/jaxb-impl-2.2.1.1.jar:/Users/vaibhavkulkarni/.m2/repository/org/apache/geronimo/specs/geronimo-javamail_1.4_spec/1.7.1/geronimo-javamail_1.4_spec-1.7.1.jar:/Users/vaibhavkulkarni/.m2/repository/org/eclipse/jetty/jetty-continuation/7.3.1.v20110307/jetty-continuation-7.3.1.v20110307.jar:/Users/vaibhavkulkarni/.m2/repository/org/eclipse/jetty/jetty-http/7.3.1.v20110307/jetty-http-7.3.1.v20110307.jar:/Users/vaibhavkulkarni/.m2/repository/org/eclipse/jetty/jetty-io/7.3.1.v20110307/jetty-io-7.3.1.v20110307.jar:/Users/vaibhavkulkarni/.m2/repository/org/eclipse/jetty/jetty-util/7.3.1.v20110307/jetty-util-7.3.1.v20110307.jar:/Users/vaibhavkulkarni/.m2/repository/org/eclipse/jetty/jetty-security/7.3.1.v20110307/jetty-security-7.3.1.v20110307.jar:/Users/vaibhavkulkarni/.m2/repository/org/apache/geronimo/specs/geronimo-servlet_3.0_spec/1.0/geronimo-servlet_3.0_spec-1.0.jar:/Users/vaibhavkulkarni/.m2/repository/org/codehaus/jettison/jettison/1.3/jettison-1.3.jar:"/>
    <property name="java.specification.name" value="Java Platform API Specification"/>
    <property name="java.class.version" value="50.0"/>
    <property name="sun.management.compiler" value="HotSpot 64-Bit Tiered Compilers"/>
    <property name="os.version" value="10.6.8"/>
    <property name="http.nonProxyHosts" value="local|*.local|169.254/16|*.169.254/16"/>
    <property name="user.home" value="/Users/vaibhavkulkarni"/>
    <property name="user.timezone" value="America/Los_Angeles"/>
    <property name="java.awt.printerjob" value="apple.awt.CPrinterJob"/>
    <property name="java.specification.version" value="1.6"/>
    <property name="file.encoding" value="MacRoman"/>
    <property name="user.name" value="vaibhavkulkarni"/>
    <property name="java.class.path" value="/Users/vaibhavkulkarni/hobbyhorse_sjsu/eggsy/target/test-classes:/Users/vaibhavkulkarni/hobbyhorse_sjsu/eggsy/target/classes:/Users/vaibhavkulkarni/.m2/repository/junit/junit/4.8.1/junit-4.8.1.jar:/Users/vaibhavkulkarni/.m2/repository/joda-time/joda-time/2.0/joda-time-2.0.jar:/Users/vaibhavkulkarni/.m2/repository/mysql/mysql-connector-java/5.1.4/mysql-connector-java-5.1.4.jar:/Users/vaibhavkulkarni/.m2/repository/org/codehaus/jackson/jackson-core-asl/1.7.5/jackson-core-asl-1.7.5.jar:/Users/vaibhavkulkarni/.m2/repository/org/codehaus/jackson/jackson-mapper-asl/1.7.5/jackson-mapper-asl-1.7.5.jar:/Users/vaibhavkulkarni/.m2/repository/org/codehaus/jackson/jackson-xc/1.7.5/jackson-xc-1.7.5.jar:/Users/vaibhavkulkarni/.m2/repository/org/springframework/spring-core/3.1.0.RELEASE/spring-core-3.1.0.RELEASE.jar:/Users/vaibhavkulkarni/.m2/repository/org/springframework/spring-asm/3.1.0.RELEASE/spring-asm-3.1.0.RELEASE.jar:/Users/vaibhavkulkarni/.m2/repository/commons-logging/commons-logging/1.1.1/commons-logging-1.1.1.jar:/Users/vaibhavkulkarni/.m2/repository/org/springframework/spring-expression/3.1.0.RELEASE/spring-expression-3.1.0.RELEASE.jar:/Users/vaibhavkulkarni/.m2/repository/org/springframework/spring-beans/3.1.0.RELEASE/spring-beans-3.1.0.RELEASE.jar:/Users/vaibhavkulkarni/.m2/repository/org/springframework/spring-aop/3.1.0.RELEASE/spring-aop-3.1.0.RELEASE.jar:/Users/vaibhavkulkarni/.m2/repository/aopalliance/aopalliance/1.0/aopalliance-1.0.jar:/Users/vaibhavkulkarni/.m2/repository/org/springframework/spring-context/3.1.0.RELEASE/spring-context-3.1.0.RELEASE.jar:/Users/vaibhavkulkarni/.m2/repository/org/springframework/spring-context-support/3.1.0.RELEASE/spring-context-support-3.1.0.RELEASE.jar:/Users/vaibhavkulkarni/.m2/repository/org/springframework/spring-web/3.1.0.RELEASE/spring-web-3.1.0.RELEASE.jar:/Users/vaibhavkulkarni/.m2/repository/org/springframework/spring-webmvc/3.1.0.RELEASE/spring-webmvc-3.1.0.RELEASE.jar:/Users/vaibhavkulkarni/.m2/repository/org/springframework/spring-oxm/3.1.0.RELEASE/spring-oxm-3.1.0.RELEASE.jar:/Users/vaibhavkulkarni/.m2/repository/commons-lang/commons-lang/2.5/commons-lang-2.5.jar:/Users/vaibhavkulkarni/.m2/repository/org/slf4j/slf4j-log4j12/1.5.8/slf4j-log4j12-1.5.8.jar:/Users/vaibhavkulkarni/.m2/repository/org/apache/tiles/tiles-api/2.1.2/tiles-api-2.1.2.jar:/Users/vaibhavkulkarni/.m2/repository/commons-logging/commons-logging-api/1.1/commons-logging-api-1.1.jar:/Users/vaibhavkulkarni/.m2/repository/org/apache/tiles/tiles-core/2.1.2/tiles-core-2.1.2.jar:/Users/vaibhavkulkarni/.m2/repository/commons-digester/commons-digester/1.8.1/commons-digester-1.8.1.jar:/Users/vaibhavkulkarni/.m2/repository/commons-beanutils/commons-beanutils/1.8.0/commons-beanutils-1.8.0.jar:/Users/vaibhavkulkarni/.m2/repository/org/apache/tiles/tiles-jsp/2.1.2/tiles-jsp-2.1.2.jar:/Users/vaibhavkulkarni/.m2/repository/org/apache/tiles/tiles-servlet/2.1.2/tiles-servlet-2.1.2.jar:/Users/vaibhavkulkarni/.m2/repository/javax/servlet/jstl/1.1.2/jstl-1.1.2.jar:/Users/vaibhavkulkarni/.m2/repository/taglibs/standard/1.1.2/standard-1.1.2.jar:/Users/vaibhavkulkarni/.m2/repository/org/apache/cassandra/cassandra-all/1.0.7/cassandra-all-1.0.7.jar:/Users/vaibhavkulkarni/.m2/repository/org/xerial/snappy/snappy-java/1.0.4.1/snappy-java-1.0.4.1.jar:/Users/vaibhavkulkarni/.m2/repository/com/ning/compress-lzf/0.8.4/compress-lzf-0.8.4.jar:/Users/vaibhavkulkarni/.m2/repository/com/google/guava/guava/r08/guava-r08.jar:/Users/vaibhavkulkarni/.m2/repository/commons-cli/commons-cli/1.1/commons-cli-1.1.jar:/Users/vaibhavkulkarni/.m2/repository/commons-codec/commons-codec/1.2/commons-codec-1.2.jar:/Users/vaibhavkulkarni/.m2/repository/com/googlecode/concurrentlinkedhashmap/concurrentlinkedhashmap-lru/1.2/concurrentlinkedhashmap-lru-1.2.jar:/Users/vaibhavkulkarni/.m2/repository/org/antlr/antlr/3.2/antlr-3.2.jar:/Users/vaibhavkulkarni/.m2/repository/org/antlr/antlr-runtime/3.2/antlr-runtime-3.2.jar:/Users/vaibhavkulkarni/.m2/repository/org/antlr/stringtemplate/3.2/stringtemplate-3.2.jar:/Users/vaibhavkulkarni/.m2/repository/antlr/antlr/2.7.7/antlr-2.7.7.jar:/Users/vaibhavkulkarni/.m2/repository/org/apache/cassandra/deps/avro/1.4.0-cassandra-1/avro-1.4.0-cassandra-1.jar:/Users/vaibhavkulkarni/.m2/repository/org/mortbay/jetty/jetty/6.1.22/jetty-6.1.22.jar:/Users/vaibhavkulkarni/.m2/repository/org/mortbay/jetty/jetty-util/6.1.22/jetty-util-6.1.22.jar:/Users/vaibhavkulkarni/.m2/repository/org/mortbay/jetty/servlet-api/2.5-20081211/servlet-api-2.5-20081211.jar:/Users/vaibhavkulkarni/.m2/repository/jline/jline/0.9.94/jline-0.9.94.jar:/Users/vaibhavkulkarni/.m2/repository/com/googlecode/json-simple/json-simple/1.1/json-simple-1.1.jar:/Users/vaibhavkulkarni/.m2/repository/com/github/stephenc/high-scale-lib/high-scale-lib/1.1.2/high-scale-lib-1.1.2.jar:/Users/vaibhavkulkarni/.m2/repository/org/yaml/snakeyaml/1.6/snakeyaml-1.6.jar:/Users/vaibhavkulkarni/.m2/repository/com/github/stephenc/jamm/0.2.5/jamm-0.2.5.jar:/Users/vaibhavkulkarni/.m2/repository/org/apache/cassandra/cassandra-thrift/1.0.7/cassandra-thrift-1.0.7.jar:/Users/vaibhavkulkarni/.m2/repository/org/apache/thrift/libthrift/0.6.1/libthrift-0.6.1.jar:/Users/vaibhavkulkarni/.m2/repository/javax/servlet/servlet-api/2.5/servlet-api-2.5.jar:/Users/vaibhavkulkarni/.m2/repository/org/apache/httpcomponents/httpclient/4.0.1/httpclient-4.0.1.jar:/Users/vaibhavkulkarni/.m2/repository/org/apache/httpcomponents/httpcore/4.0.1/httpcore-4.0.1.jar:/Users/vaibhavkulkarni/.m2/repository/log4j/log4j/1.2.14/log4j-1.2.14.jar:/Users/vaibhavkulkarni/.m2/repository/org/slf4j/slf4j-api/1.5.8/slf4j-api-1.5.8.jar:/Users/vaibhavkulkarni/.m2/repository/javax/ws/rs/jsr311-api/1.1.1/jsr311-api-1.1.1.jar:/Users/vaibhavkulkarni/.m2/repository/org/apache/cxf/cxf-bundle-jaxrs/2.3.4/cxf-bundle-jaxrs-2.3.4.jar:/Users/vaibhavkulkarni/.m2/repository/org/apache/ws/commons/schema/XmlSchema/1.4.7/XmlSchema-1.4.7.jar:/Users/vaibhavkulkarni/.m2/repository/org/codehaus/woodstox/woodstox-core-asl/4.1.1/woodstox-core-asl-4.1.1.jar:/Users/vaibhavkulkarni/.m2/repository/org/codehaus/woodstox/stax2-api/3.1.1/stax2-api-3.1.1.jar:/Users/vaibhavkulkarni/.m2/repository/org/apache/geronimo/specs/geronimo-stax-api_1.0_spec/1.0.1/geronimo-stax-api_1.0_spec-1.0.1.jar:/Users/vaibhavkulkarni/.m2/repository/org/apache/geronimo/specs/geronimo-annotation_1.0_spec/1.1.1/geronimo-annotation_1.0_spec-1.1.1.jar:/Users/vaibhavkulkarni/.m2/repository/javax/xml/bind/jaxb-api/2.2.1/jaxb-api-2.2.1.jar:/Users/vaibhavkulkarni/.m2/repository/org/apache/neethi/neethi/2.0.5/neethi-2.0.5.jar:/Users/vaibhavkulkarni/.m2/repository/wsdl4j/wsdl4j/1.6.2/wsdl4j-1.6.2.jar:/Users/vaibhavkulkarni/.m2/repository/org/apache/geronimo/specs/geronimo-activation_1.1_spec/1.1/geronimo-activation_1.1_spec-1.1.jar:/Users/vaibhavkulkarni/.m2/repository/com/sun/xml/bind/jaxb-impl/2.2.1.1/jaxb-impl-2.2.1.1.jar:/Users/vaibhavkulkarni/.m2/repository/org/apache/geronimo/specs/geronimo-javamail_1.4_spec/1.7.1/geronimo-javamail_1.4_spec-1.7.1.jar:/Users/vaibhavkulkarni/.m2/repository/org/eclipse/jetty/jetty-continuation/7.3.1.v20110307/jetty-continuation-7.3.1.v20110307.jar:/Users/vaibhavkulkarni/.m2/repository/org/eclipse/jetty/jetty-http/7.3.1.v20110307/jetty-http-7.3.1.v20110307.jar:/Users/vaibhavkulkarni/.m2/repository/org/eclipse/jetty/jetty-io/7.3.1.v20110307/jetty-io-7.3.1.v20110307.jar:/Users/vaibhavkulkarni/.m2/repository/org/eclipse/jetty/jetty-util/7.3.1.v20110307/jetty-util-7.3.1.v20110307.jar:/Users/vaibhavkulkarni/.m2/repository/org/eclipse/jetty/jetty-security/7.3.1.v20110307/jetty-security-7.3.1.v20110307.jar:/Users/vaibhavkulkarni/.m2/repository/org/apache/geronimo/specs/geronimo-servlet_3.0_spec/1.0/geronimo-servlet_3.0_spec-1.0.jar:/Users/vaibhavkulkarni/.m2/repository/org/codehaus/jettison/jettison/1.3/jettison-1.3.jar:"/>
    <property name="java.vm.specification.version" value="1.0"/>
    <property name="sun.arch.data.model" value="64"/>
    <property name="java.home" value="/System/Library/Java/JavaVirtualMachines/1.6.0.jdk/Contents/Home"/>
    <property name="sun.java.command" value="/Users/vaibhavkulkarni/hobbyhorse_sjsu/eggsy/target/surefire/surefirebooter5093440048050189867.jar /Users/vaibhavkulkarni/hobbyhorse_sjsu/eggsy/target/surefire/surefire3705151318326845940tmp /Users/vaibhavkulkarni/hobbyhorse_sjsu/eggsy/target/surefire/surefire743327792839822987tmp"/>
    <property name="java.specification.vendor" value="Sun Microsystems Inc."/>
    <property name="user.language" value="en"/>
    <property name="awt.toolkit" value="apple.awt.CToolkit"/>
    <property name="java.vm.info" value="mixed mode"/>
    <property name="java.version" value="1.6.0_26"/>
    <property name="java.ext.dirs" value="/Users/vaibhavkulkarni/Library/Java/Extensions:/Library/Java/Extensions:/System/Library/Java/Extensions:/System/Library/Java/JavaVirtualMachines/1.6.0.jdk/Contents/Home/lib/ext"/>
    <property name="sun.boot.class.path" value="/System/Library/Java/JavaVirtualMachines/1.6.0.jdk/Contents/Classes/jsfd.jar:/System/Library/Java/JavaVirtualMachines/1.6.0.jdk/Contents/Classes/classes.jar:/System/Library/Frameworks/JavaVM.framework/Frameworks/JavaRuntimeSupport.framework/Resources/Java/JavaRuntimeSupport.jar:/System/Library/Java/JavaVirtualMachines/1.6.0.jdk/Contents/Classes/ui.jar:/System/Library/Java/JavaVirtualMachines/1.6.0.jdk/Contents/Classes/laf.jar:/System/Library/Java/JavaVirtualMachines/1.6.0.jdk/Contents/Classes/sunrsasign.jar:/System/Library/Java/JavaVirtualMachines/1.6.0.jdk/Contents/Classes/jsse.jar:/System/Library/Java/JavaVirtualMachines/1.6.0.jdk/Contents/Classes/jce.jar:/System/Library/Java/JavaVirtualMachines/1.6.0.jdk/Contents/Classes/charsets.jar"/>
    <property name="java.vendor" value="Apple Inc."/>
    <property name="localRepository" value="/Users/vaibhavkulkarni/.m2/repository"/>
    <property name="file.separator" value="/"/>
    <property name="java.vendor.url.bug" value="http://bugreport.apple.com/"/>
    <property name="sun.cpu.endian" value="little"/>
    <property name="sun.io.unicode.encoding" value="UnicodeLittle"/>
    <property name="mrj.version" value="1060.1.6.0_26-384"/>
    <property name="socksNonProxyHosts" value="local|*.local|169.254/16|*.169.254/16"/>
    <property name="ftp.nonProxyHosts" value="local|*.local|169.254/16|*.169.254/16"/>
    <property name="sun.cpu.isalist" value=""/>
  </properties>
  <testcase time="0.029" classname="UserTest" name="testGetAllUsers"/>
  <testcase time="0.079" classname="UserTest" name="testSaveAndGetUserByUserNameAndDeleteUser"/>
</testsuite>